app/build/intermediates/manifest_merge_blame_file/debug/manifest-merger-blame-debug-report.txt
1<?xml version="1.0" encoding="utf-8"?>
2<manifest xmlns:android="http://schemas.android.com/apk/res/android"
3    package="com.example.badgerbudget"
4    android:versionCode="1"
5    android:versionName="1.0" >
6
7    <uses-sdk
8        android:minSdkVersion="19"
8-->src\main\AndroidManifest.xml
9        android:targetSdkVersion="29" />
9-->src\main\AndroidManifest.xml
10
11    <application
11-->src\main\AndroidManifest.xml:5:5-33:19
12        android:name="androidx.multidex.MultiDexApplication"
13        android:allowBackup="true"
13-->src\main\AndroidManifest.xml:6:9-35
14        android:appComponentFactory="androidx.core.app.CoreComponentFactory"
14-->[androidx.core:core:1.0.1] AndroidManifest.xml:22:18-86
15        android:debuggable="true"
16        android:icon="@mipmap/ic_launcher"
16-->src\main\AndroidManifest.xml:7:9-43
17        android:label="@string/app_name"
17-->src\main\AndroidManifest.xml:8:9-41
18        android:roundIcon="@mipmap/ic_launcher_round"
18-->src\main\AndroidManifest.xml:9:9-54
19        android:supportsRtl="true"
19-->src\main\AndroidManifest.xml:10:9-35
20        android:testOnly="true"
21        android:theme="@style/AppTheme" >
21-->src\main\AndroidManifest.xml:11:9-40
22        <activity android:name="com.example.badgerbudget.MainActivity" />
22-->src\main\AndroidManifest.xml:12:9-59
22-->src\main\AndroidManifest.xml:12:19-47
23        <activity android:name="com.example.badgerbudget.calculator" />
23-->src\main\AndroidManifest.xml:13:9-48
23-->src\main\AndroidManifest.xml:13:19-45
24        <activity android:name="com.example.badgerbudget.report" />
24-->src\main\AndroidManifest.xml:14:9-44
24-->src\main\AndroidManifest.xml:14:19-41
25        <activity android:name="com.example.badgerbudget.CategoryPageActivity" />
25-->src\main\AndroidManifest.xml:15:9-58
25-->src\main\AndroidManifest.xml:15:19-55
26        <activity android:name="com.example.badgerbudget.CreateAccountActivity" >
26-->src\main\AndroidManifest.xml:16:9-20:20
26-->src\main\AndroidManifest.xml:16:19-56
27            <meta-data
27-->src\main\AndroidManifest.xml:17:13-19:59
28                android:name="android.support.PARENT_ACTIVITY"
28-->src\main\AndroidManifest.xml:18:17-63
29                android:value=".ui.login.LoginActivity" />
29-->src\main\AndroidManifest.xml:19:17-56
30        </activity>
31        <activity android:name="com.example.badgerbudget.SettingActivity" />
31-->src\main\AndroidManifest.xml:21:9-62
31-->src\main\AndroidManifest.xml:21:19-50
32        <activity android:name="com.example.badgerbudget.MainPageActivity" />
32-->src\main\AndroidManifest.xml:22:9-63
32-->src\main\AndroidManifest.xml:22:19-51
33        <activity
33-->src\main\AndroidManifest.xml:24:9-32:20
34            android:name="com.example.badgerbudget.ui.login.LoginActivity"
34-->src\main\AndroidManifest.xml:25:13-51
35            android:label="@string/app_name" >
35-->src\main\AndroidManifest.xml:26:13-45
36            <intent-filter>
36-->src\main\AndroidManifest.xml:27:13-31:29
37                <action android:name="android.intent.action.MAIN" />
37-->src\main\AndroidManifest.xml:28:17-69
37-->src\main\AndroidManifest.xml:28:25-66
38
39                <category android:name="android.intent.category.LAUNCHER" />
39-->src\main\AndroidManifest.xml:30:17-77
39-->src\main\AndroidManifest.xml:30:27-74
40            </intent-filter>
41        </activity>
42
43        <provider
43-->[androidx.lifecycle:lifecycle-process:2.0.0] AndroidManifest.xml:23:9-27:43
44            android:name="androidx.lifecycle.ProcessLifecycleOwnerInitializer"
44-->[androidx.lifecycle:lifecycle-process:2.0.0] AndroidManifest.xml:24:13-79
45            android:authorities="com.example.badgerbudget.lifecycle-process"
45-->[androidx.lifecycle:lifecycle-process:2.0.0] AndroidManifest.xml:25:13-69
46            android:exported="false"
46-->[androidx.lifecycle:lifecycle-process:2.0.0] AndroidManifest.xml:26:13-37
47            android:multiprocess="true" />
47-->[androidx.lifecycle:lifecycle-process:2.0.0] AndroidManifest.xml:27:13-40
48    </application>
49
50</manifest>